TN:
SF:/home/runner/work/AMEDEO-Systems/AMEDEO-Systems/framework/cqea/cqea_core.c
FN:24,27,cqea_calculate_phi_sync
FN:29,37,cqea_bounded_latency_check
FN:39,67,cqea_run_mpc_demo
FN:69,71,cqea_get_last_metric
FNDA:0,cqea_calculate_phi_sync
FNDA:0,cqea_bounded_latency_check
FNDA:10,cqea_run_mpc_demo
FNDA:0,cqea_get_last_metric
FNF:4
FNH:1
DA:24,10
DA:26,10
DA:29,10
DA:31,0
DA:32,0
DA:34,0
DA:39,10
DA:41,10
DA:44,10
DA:45,10
DA:46,10
DA:49,10
DA:50,10
DA:53,10
DA:54,10
DA:55,10
DA:56,10
DA:59,10
DA:60,0
DA:63,10
DA:66,10
DA:69,0
DA:70,0
LF:23
LH:17
end_of_record
TN:
SF:/home/runner/work/AMEDEO-Systems/AMEDEO-Systems/integration/system-of-systems/integration_demo.c
FN:21,25,get_monotonic_us
FN:27,91,main
FNDA:11,get_monotonic_us
FNDA:1,main
FNF:2
FNH:2
DA:21,11
DA:22,11
DA:23,11
DA:24,11
DA:27,1
DA:28,1
DA:29,1
DA:30,1
DA:33,1
DA:36,1
DA:37,1
DA:38,1
DA:39,1
DA:41,0
DA:42,0
DA:45,1
DA:47,1
DA:48,1
DA:50,11
DA:51,10
DA:52,10
DA:54,10
DA:58,10
DA:59,10
DA:60,0
DA:61,0
DA:62,0
DA:63,0
DA:66,10
DA:70,10
DA:71,10
DA:72,0
DA:73,0
DA:76,10
DA:79,10
DA:82,1
DA:83,1
DA:84,1
DA:85,1
DA:86,1
DA:87,1
DA:89,1
DA:90,1
LF:43
LH:35
end_of_record
TN:
SF:/home/runner/work/AMEDEO-Systems/AMEDEO-Systems/kernel/arinc653_partition.c
FN:24,27,partition_p0_entry
FN:29,32,partition_p1_entry
FN:34,37,partition_p2_entry
FN:39,42,partition_p3_entry
FN:44,53,arinc653_init
FN:55,88,arinc653_schedule
FN:90,93,arinc653_get_worst_case_jitter_us
FNDA:3,partition_p0_entry
FNDA:2,partition_p1_entry
FNDA:3,partition_p2_entry
FNDA:2,partition_p3_entry
FNDA:1,arinc653_init
FNDA:10,arinc653_schedule
FNDA:1,arinc653_get_worst_case_jitter_us
FNF:7
FNH:7
DA:24,3
DA:25,3
DA:26,3
DA:29,2
DA:30,2
DA:31,2
DA:34,3
DA:35,3
DA:36,3
DA:39,2
DA:40,2
DA:41,2
DA:44,1
DA:46,1
DA:47,1
DA:48,1
DA:49,1
DA:50,1
DA:52,1
DA:53,1
DA:55,10
DA:57,10
DA:58,10
DA:60,10
DA:65,10
DA:69,10
DA:70,10
DA:73,10
DA:75,10
DA:82,10
DA:83,10
DA:84,10
DA:90,1
DA:92,1
LF:34
LH:34
end_of_record
TN:
SF:/home/runner/work/AMEDEO-Systems/AMEDEO-Systems/kernel/core/envelope_checker_tests.c
FN:112,140,test_envelope_monitor_integration
FN:143,158,test_timing_constraints
FN:161,184,test_memory_protection
FN:187,205,test_determinism
FN:208,260,main
FN:43,83,check_flight_envelope
FN:86,109,run_envelope_test
FNDA:1,test_envelope_monitor_integration
FNDA:1,test_timing_constraints
FNDA:1,test_memory_protection
FNDA:1,test_determinism
FNDA:1,main
FNDA:10,check_flight_envelope
FNDA:10,run_envelope_test
FNF:7
FNH:7
DA:43,10
DA:47,10
DA:52,6
DA:57,5
DA:62,5
DA:68,5
DA:73,5
DA:78,5
DA:79,0
DA:86,10
DA:87,10
DA:88,10
DA:89,10
DA:90,10
DA:91,10
DA:94,10
DA:95,10
DA:96,10
DA:101,10
DA:103,0
DA:104,0
DA:107,0
DA:112,1
DA:113,1
DA:116,1
DA:117,0
DA:118,0
DA:122,1
DA:125,0
DA:126,0
DA:130,1
DA:131,1
DA:133,1
DA:134,1
DA:135,1
DA:137,0
DA:138,0
DA:143,1
DA:144,1
DA:147,1
DA:149,1
DA:150,1
DA:152,1
DA:161,1
DA:162,1
DA:165,1
DA:166,1
DA:169,1
DA:170,1
DA:177,1
DA:178,1
DA:179,1
DA:187,1
DA:188,1
DA:191,1
DA:192,1
DA:194,1
DA:195,1
DA:198,1
DA:208,1
DA:209,1
DA:210,1
DA:211,1
DA:213,1
DA:214,1
DA:217,1
DA:218,11
DA:219,10
DA:220,10
DA:221,10
DA:226,1
DA:227,1
DA:228,1
DA:231,1
DA:232,1
DA:233,1
DA:236,1
DA:237,1
DA:238,1
DA:241,1
DA:242,1
DA:243,1
DA:247,1
DA:248,1
DA:249,1
DA:250,1
DA:251,1
DA:253,1
DA:254,1
DA:255,1
DA:257,0
DA:258,0
LF:92
LH:80
end_of_record
TN:
SF:/home/runner/work/AMEDEO-Systems/AMEDEO-Systems/kernel/core/simplex_safety_monitor.c
FN:10,17,simplex_init
FN:111,113,simplex_get_state
FN:116,118,simplex_get_violation_count
FN:123,142,simplex_timing_monitor
FN:145,152,simplex_envelope_monitor
FN:155,162,simplex_resource_monitor
FN:165,172,simplex_memory_monitor
FN:177,183,simplex_timing_fallback
FN:186,192,simplex_envelope_fallback
FN:195,201,simplex_resource_fallback
FN:20,39,simplex_register_monitor
FN:204,210,simplex_memory_fallback
FN:215,220,simplex_force_fallback
FN:223,235,simplex_emergency_shutdown
FN:238,241,simplex_is_safe_state
FN:42,48,simplex_enable_monitor
FN:50,56,simplex_disable_monitor
FN:59,108,simplex_run_monitors
FNDA:1,simplex_init
FNDA:0,simplex_get_state
FNDA:0,simplex_get_violation_count
FNDA:0,simplex_timing_monitor
FNDA:1,simplex_envelope_monitor
FNDA:0,simplex_resource_monitor
FNDA:0,simplex_memory_monitor
FNDA:0,simplex_timing_fallback
FNDA:0,simplex_envelope_fallback
FNDA:0,simplex_resource_fallback
FNDA:1,simplex_register_monitor
FNDA:0,simplex_memory_fallback
FNDA:0,simplex_force_fallback
FNDA:0,simplex_emergency_shutdown
FNDA:0,simplex_is_safe_state
FNDA:0,simplex_enable_monitor
FNDA:0,simplex_disable_monitor
FNDA:1,simplex_run_monitors
FNF:18
FNH:4
DA:10,1
DA:11,1
DA:12,1
DA:13,1
DA:15,1
DA:16,1
DA:20,1
DA:23,1
DA:27,1
DA:28,1
DA:29,1
DA:30,1
DA:31,1
DA:32,1
DA:33,1
DA:34,1
DA:36,1
DA:37,1
DA:38,1
DA:42,0
DA:43,0
DA:46,0
DA:47,0
DA:50,0
DA:51,0
DA:54,0
DA:55,0
DA:59,1
DA:60,1
DA:62,9
DA:63,8
DA:65,8
DA:66,7
DA:69,1
DA:72,1
DA:74,1
DA:76,0
DA:77,0
DA:78,0
DA:80,0
DA:85,0
DA:86,0
DA:87,0
DA:88,0
DA:90,0
DA:92,0
DA:94,0
DA:95,0
DA:100,0
DA:101,0
DA:102,0
DA:111,0
DA:112,0
DA:116,0
DA:117,0
DA:123,0
DA:124,0
DA:127,0
DA:128,0
DA:129,0
DA:130,0
DA:133,0
DA:134,0
DA:137,0
DA:145,1
DA:146,1
DA:147,1
DA:151,1
DA:155,0
DA:156,0
DA:157,0
DA:161,0
DA:165,0
DA:166,0
DA:167,0
DA:171,0
DA:177,0
DA:178,0
DA:179,0
DA:181,0
DA:182,0
DA:186,0
DA:187,0
DA:188,0
DA:190,0
DA:191,0
DA:195,0
DA:196,0
DA:197,0
DA:199,0
DA:200,0
DA:204,0
DA:205,0
DA:206,0
DA:208,0
DA:209,0
DA:215,0
DA:216,0
DA:217,0
DA:218,0
DA:219,0
DA:223,0
DA:224,0
DA:225,0
DA:234,0
DA:238,0
DA:239,0
LF:107
LH:32
end_of_record
TN:
SF:/home/runner/work/AMEDEO-Systems/AMEDEO-Systems/src/HAL_Sim.c
FN:19,31,hal_read_sensors
FN:32,38,hal_write_actuators
FN:39,44,hal_now_us
FN:7,17,mono_us
FNDA:1000,hal_read_sensors
FNDA:1000,hal_write_actuators
FNDA:33758721,hal_now_us
FNDA:33758722,mono_us
FNF:4
FNH:4
DA:7,33758722
DA:13,33758722
DA:14,33758722
DA:15,33758722
DA:19,1000
DA:21,1000
DA:25,1000
DA:26,1000
DA:27,1000
DA:28,1000
DA:29,1000
DA:30,1000
DA:32,1000
DA:34,1000
DA:35,1000
DA:36,1000
DA:37,1000
DA:39,33758721
DA:41,33758721
DA:42,1
DA:43,33758721
LF:21
LH:21
end_of_record
TN:
SF:/home/runner/work/AMEDEO-Systems/AMEDEO-Systems/src/Voter_Interface.c
FN:21,25,voter_get_consensed_result
FN:9,20,voter_compare
FNDA:1000,voter_get_consensed_result
FNDA:1000,voter_compare
FNF:2
FNH:2
DA:5,3000
DA:7,3000
DA:9,1000
DA:11,3000
DA:12,1000
DA:15,1000
DA:16,1000
DA:17,1000
DA:21,1000
DA:23,1000
DA:24,1000
LF:11
LH:11
end_of_record
TN:
SF:/home/runner/work/AMEDEO-Systems/AMEDEO-Systems/src/det.c
FN:4,8,det_init
FN:9,18,det_log
FNDA:1,det_init
FNDA:1000,det_log
FNF:2
FNH:2
DA:4,1
DA:6,1
DA:7,1
DA:9,1000
DA:11,1000
DA:13,1000
DA:14,1000
DA:15,1000
DA:16,1000
DA:17,1000
LF:10
LH:10
end_of_record
TN:
SF:/home/runner/work/AMEDEO-Systems/AMEDEO-Systems/src/poae.c
FN:2,21,poae_run_cycle
FNDA:1000,poae_run_cycle
FNF:1
FNH:1
DA:2,1000
DA:4,1000
DA:6,1000
DA:8,1000
DA:10,1000
DA:12,1000
DA:14,1000
DA:16,1000
DA:18,1000
DA:20,1000
LF:10
LH:10
end_of_record
TN:
SF:/home/runner/work/AMEDEO-Systems/AMEDEO-Systems/src/pqc.c
FN:3,3,pqc_load_mock_keys
FN:4,12,pqc_sign
FNDA:0,pqc_load_mock_keys
FNDA:0,pqc_sign
FNF:2
FNH:0
DA:3,0
DA:4,0
DA:6,0
DA:7,0
DA:8,0
DA:9,0
DA:10,0
DA:11,0
LF:8
LH:0
end_of_record
TN:
SF:/home/runner/work/AMEDEO-Systems/AMEDEO-Systems/src/tsn_sim.c
FN:12,20,tsn_measure
FNDA:1000,tsn_measure
FNF:1
FNH:1
DA:6,1000
DA:8,1000
DA:9,1000
DA:12,1000
DA:14,1000
DA:15,1000
DA:17,1000
DA:18,1000
DA:19,1000
LF:9
LH:9
end_of_record
